Построение начато 27.11.2014 0:40:29.
     1>Проект "C:\Users\reply\Documents\GitHub\mpi_practika\primeNumberLimit\primeNumberLimit\primeNumberLimit.vcxproj" в узле 2 (целевые объекты build).
     1>InitializeBuildStatus:
         Обращение к "Debug\primeNumberLimit.unsuccessfulbuild".
       ClCompile:
         C:\Program Files (x86)\Microsoft Visual Studio 10.0\VC\bin\CL.exe /c /ZI /nologo /W3 /WX- /Od /Oy- /D WIN32 /D _DEBUG /D _CONSOLE /D _UNICODE /D UNICODE /Gm /EHsc /RTC1 /MDd /GS /fp:precise /Zc:wchar_t /Zc:forScope /Fo"Debug\\" /Fd"Debug\vc100.pdb" /Gd /TP /analyze- /errorReport:prompt main.cpp
         main.cpp
     1>c:\users\reply\documents\github\mpi_practika\primenumberlimit\primenumberlimit\main.cpp(32): warning C4101: i: неиспользованная локальная переменная
     1>c:\users\reply\documents\github\mpi_practika\primenumberlimit\primenumberlimit\main.cpp(32): warning C4101: ij: неиспользованная локальная переменная
     1>c:\users\reply\documents\github\mpi_practika\primenumberlimit\primenumberlimit\main.cpp(31): warning C4101: end: неиспользованная локальная переменная
     1>c:\users\reply\documents\github\mpi_practika\primenumberlimit\primenumberlimit\main.cpp(31): warning C4101: start: неиспользованная локальная переменная
     1>c:\users\reply\documents\github\mpi_practika\primenumberlimit\primenumberlimit\main.cpp(32): warning C4101: j: неиспользованная локальная переменная
       ManifestResourceCompile:
         Для всех выходных данных обновления не требуется.
       Link:
         C:\Program Files (x86)\Microsoft Visual Studio 10.0\VC\bin\link.exe /ERRORREPORT:PROMPT /OUT:"C:\Users\reply\Documents\GitHub\mpi_practika\primeNumberLimit\Debug\primeNumberLimit.exe" /INCREMENTAL /NOLOGO kernel32.lib user32.lib gdi32.lib winspool.lib comdlg32.lib advapi32.lib shell32.lib ole32.lib oleaut32.lib uuid.lib odbc32.lib odbccp32.lib /MANIFEST /ManifestFile:"Debug\primeNumberLimit.exe.intermediate.manifest" /MANIFESTUAC:"level='asInvoker' uiAccess='false'" /DEBUG /PDB:"C:\Users\reply\Documents\GitHub\mpi_practika\primeNumberLimit\Debug\primeNumberLimit.pdb" /SUBSYSTEM:CONSOLE /TLBID:1 /DYNAMICBASE /NXCOMPAT /IMPLIB:"C:\Users\reply\Documents\GitHub\mpi_practika\primeNumberLimit\Debug\primeNumberLimit.lib" /MACHINE:X86 Debug\primeNumberLimit.exe.embed.manifest.res
         Debug\main.obj
     1>LINK : fatal error LNK1123: сбой при преобразовании в COFF: файл недопустим или поврежден
     1>Построение проекта "C:\Users\reply\Documents\GitHub\mpi_practika\primeNumberLimit\primeNumberLimit\primeNumberLimit.vcxproj" завершено (целевые объекты build) с ошибкой.

СБОЙ построения.

Затраченное время: 00:00:00.21
