Построение начато 25.11.2014 21:12:03.
     1>Проект "C:\Users\reply\Documents\GitHub\mpi_practika\GaussMPI\GaussMPI\GaussMPI.vcxproj" в узле 2 (целевые объекты build).
     1>InitializeBuildStatus:
         Обращение к "Debug\GaussMPI.unsuccessfulbuild".
       ClCompile:
         C:\Program Files (x86)\Microsoft Visual Studio 10.0\VC\bin\CL.exe /c /ZI /nologo /W3 /WX- /Od /Oy- /D WIN32 /D _DEBUG /D _CONSOLE /D _UNICODE /D UNICODE /Gm /EHsc /RTC1 /MDd /GS /fp:precise /Zc:wchar_t /Zc:forScope /Fo"Debug\\" /Fd"Debug\vc100.pdb" /Gd /TP /analyze- /errorReport:prompt main.cpp
         main.cpp
       Link:
         C:\Program Files (x86)\Microsoft Visual Studio 10.0\VC\bin\link.exe /ERRORREPORT:PROMPT /OUT:"C:\Users\reply\Documents\GitHub\mpi_practika\GaussMPI\Debug\GaussMPI.exe" /INCREMENTAL:NO /NOLOGO kernel32.lib user32.lib gdi32.lib winspool.lib comdlg32.lib advapi32.lib shell32.lib ole32.lib oleaut32.lib uuid.lib odbc32.lib odbccp32.lib /MANIFEST /ManifestFile:"Debug\GaussMPI.exe.intermediate.manifest" /MANIFESTUAC:"level='asInvoker' uiAccess='false'" /DEBUG /PDB:"C:\Users\reply\Documents\GitHub\mpi_practika\GaussMPI\Debug\GaussMPI.pdb" /SUBSYSTEM:CONSOLE /TLBID:1 /DYNAMICBASE /NXCOMPAT /IMPLIB:"C:\Users\reply\Documents\GitHub\mpi_practika\GaussMPI\Debug\GaussMPI.lib" /MACHINE:X86 Debug\main.obj
     1>main.obj : warning LNK4075: не учитывается "/EDITANDCONTINUE" из-за спецификации "/INCREMENTAL:NO"
     1>main.obj : error LNK2019: ссылка на неразрешенный внешний символ _MPI_Finalize@0 в функции _main
     1>main.obj : error LNK2019: ссылка на неразрешенный внешний символ _MPI_Barrier@4 в функции _main
     1>main.obj : error LNK2019: ссылка на неразрешенный внешний символ _MPI_Wtime@0 в функции _main
     1>main.obj : error LNK2019: ссылка на неразрешенный внешний символ _MPI_Recv@28 в функции _main
     1>main.obj : error LNK2019: ссылка на неразрешенный внешний символ _MPI_Send@24 в функции _main
     1>main.obj : error LNK2019: ссылка на неразрешенный внешний символ _MPI_Comm_size@8 в функции _main
     1>main.obj : error LNK2019: ссылка на неразрешенный внешний символ _MPI_Comm_rank@8 в функции _main
     1>main.obj : error LNK2019: ссылка на неразрешенный внешний символ _MPI_Init@8 в функции _main
     1>C:\Users\reply\Documents\GitHub\mpi_practika\GaussMPI\Debug\GaussMPI.exe : fatal error LNK1120: 8 неразрешенных внешних элементов
     1>Построение проекта "C:\Users\reply\Documents\GitHub\mpi_practika\GaussMPI\GaussMPI\GaussMPI.vcxproj" завершено (целевые объекты build) с ошибкой.

СБОЙ построения.

Затраченное время: 00:00:00.41
