C:\USERS\LDYTIY\DOCUMENTS\GITHUB\MPI_PRACTIKA\GAUSSMPI\GAUSSMPI\DEBUG\GAUSSMPI.EXE.EMBED.MANIFEST.RES
C:\USERS\LDYTIY\DOCUMENTS\GITHUB\MPI_PRACTIKA\GAUSSMPI\GAUSSMPI\DEBUG\MAIN.OBJ
C:\USERS\LDYTIY\DOCUMENTS\GITHUB\MPI_PRACTIKA\GAUSSMPI\GAUSSMPI\DEBUG\VC100.PDB
C:\Users\reply\Documents\GitHub\mpi_practika\GaussMPI\Debug\GaussMPI.pdb
C:\Users\reply\Documents\GitHub\mpi_practika\GaussMPI\GaussMPI\Debug\cl.command.1.tlog
C:\Users\reply\Documents\GitHub\mpi_practika\GaussMPI\GaussMPI\Debug\CL.read.1.tlog
C:\Users\reply\Documents\GitHub\mpi_practika\GaussMPI\GaussMPI\Debug\CL.write.1.tlog
C:\Users\reply\Documents\GitHub\mpi_practika\GaussMPI\GaussMPI\Debug\GaussMPI.exe.embed.manifest
C:\USERS\REPLY\DOCUMENTS\GITHUB\MPI_PRACTIKA\GAUSSMPI\GAUSSMPI\DEBUG\GAUSSMPI.EXE.EMBED.MANIFEST.RES
C:\Users\reply\Documents\GitHub\mpi_practika\GaussMPI\GaussMPI\Debug\GaussMPI.exe.intermediate.manifest
C:\Users\reply\Documents\GitHub\mpi_practika\GaussMPI\GaussMPI\Debug\GaussMPI.vcxprojResolveAssemblyReference.cache
C:\Users\reply\Documents\GitHub\mpi_practika\GaussMPI\GaussMPI\Debug\GaussMPI.write.1.tlog
C:\Users\reply\Documents\GitHub\mpi_practika\GaussMPI\GaussMPI\Debug\GaussMPI_manifest.rc
C:\Users\reply\Documents\GitHub\mpi_practika\GaussMPI\GaussMPI\Debug\link.command.1.tlog
C:\Users\reply\Documents\GitHub\mpi_practika\GaussMPI\GaussMPI\Debug\link.read.1.tlog
C:\Users\reply\Documents\GitHub\mpi_practika\GaussMPI\GaussMPI\Debug\link.write.1.tlog
C:\Users\reply\Documents\GitHub\mpi_practika\GaussMPI\GaussMPI\Debug\link-cvtres.read.1.tlog
C:\Users\reply\Documents\GitHub\mpi_practika\GaussMPI\GaussMPI\Debug\link-cvtres.write.1.tlog
C:\USERS\REPLY\DOCUMENTS\GITHUB\MPI_PRACTIKA\GAUSSMPI\GAUSSMPI\DEBUG\MAIN.OBJ
C:\Users\reply\Documents\GitHub\mpi_practika\GaussMPI\GaussMPI\Debug\rc.command.1.tlog
C:\Users\reply\Documents\GitHub\mpi_practika\GaussMPI\GaussMPI\Debug\rc.read.1.tlog
C:\Users\reply\Documents\GitHub\mpi_practika\GaussMPI\GaussMPI\Debug\rc.write.1.tlog
C:\Users\reply\Documents\GitHub\mpi_practika\GaussMPI\GaussMPI\Debug\vc100.idb
C:\USERS\REPLY\DOCUMENTS\GITHUB\MPI_PRACTIKA\GAUSSMPI\GAUSSMPI\DEBUG\VC100.PDB
